2026-04-19 15:50:16,112 - INFO - Start BoW training
2026-04-19 15:50:16,112 - INFO - Vocabulary size: 15210, Num classes: 5, Epochs: 30, Batch size: 64, Learning rate: 0.0005, Loss: cross_entropy_ls, L2 lambda: 0.0001
2026-04-19 15:50:16,682 - INFO - Epoch [1/30] Train Loss: 1.5607 Val Loss: 1.5211 Train Acc: 0.5022 Val Acc: 0.4185 L2 Term: 119.1828
2026-04-19 15:50:17,188 - INFO - Epoch [2/30] Train Loss: 1.4813 Val Loss: 1.4880 Train Acc: 0.5223 Val Acc: 0.4256 L2 Term: 580.1081
2026-04-19 15:50:17,739 - INFO - Epoch [3/30] Train Loss: 1.4302 Val Loss: 1.4663 Train Acc: 0.5431 Val Acc: 0.4355 L2 Term: 1463.8878
2026-04-19 15:50:18,234 - INFO - Epoch [4/30] Train Loss: 1.3871 Val Loss: 1.4494 Train Acc: 0.5715 Val Acc: 0.4385 L2 Term: 2726.4135
2026-04-19 15:50:18,765 - INFO - Epoch [5/30] Train Loss: 1.3488 Val Loss: 1.4350 Train Acc: 0.6009 Val Acc: 0.4449 L2 Term: 4334.3083
2026-04-19 15:50:19,334 - INFO - Epoch [6/30] Train Loss: 1.3142 Val Loss: 1.4227 Train Acc: 0.6325 Val Acc: 0.4502 L2 Term: 6241.2569
2026-04-19 15:50:19,942 - INFO - Epoch [7/30] Train Loss: 1.2829 Val Loss: 1.4117 Train Acc: 0.6561 Val Acc: 0.4572 L2 Term: 8398.1449
2026-04-19 15:50:20,539 - INFO - Epoch [8/30] Train Loss: 1.2544 Val Loss: 1.4021 Train Acc: 0.6809 Val Acc: 0.4613 L2 Term: 10786.9666
2026-04-19 15:50:21,139 - INFO - Epoch [9/30] Train Loss: 1.2284 Val Loss: 1.3934 Train Acc: 0.7010 Val Acc: 0.4625 L2 Term: 13384.6845
2026-04-19 15:50:21,699 - INFO - Epoch [10/30] Train Loss: 1.2046 Val Loss: 1.3859 Train Acc: 0.7169 Val Acc: 0.4666 L2 Term: 16121.0894
2026-04-19 15:50:22,215 - INFO - Epoch [11/30] Train Loss: 1.1828 Val Loss: 1.3789 Train Acc: 0.7345 Val Acc: 0.4625 L2 Term: 18990.9754
2026-04-19 15:50:22,804 - INFO - Epoch [12/30] Train Loss: 1.1629 Val Loss: 1.3727 Train Acc: 0.7435 Val Acc: 0.4654 L2 Term: 21955.1407
2026-04-19 15:50:23,337 - INFO - Epoch [13/30] Train Loss: 1.1446 Val Loss: 1.3670 Train Acc: 0.7565 Val Acc: 0.4689 L2 Term: 24997.6854
2026-04-19 15:50:24,075 - INFO - Epoch [14/30] Train Loss: 1.1277 Val Loss: 1.3621 Train Acc: 0.7661 Val Acc: 0.4701 L2 Term: 28113.6289
2026-04-19 15:50:24,868 - INFO - Epoch [15/30] Train Loss: 1.1122 Val Loss: 1.3576 Train Acc: 0.7757 Val Acc: 0.4725 L2 Term: 31241.8787
2026-04-19 15:50:25,774 - INFO - Epoch [16/30] Train Loss: 1.0977 Val Loss: 1.3534 Train Acc: 0.7847 Val Acc: 0.4725 L2 Term: 34383.0712
2026-04-19 15:50:26,428 - INFO - Epoch [17/30] Train Loss: 1.0844 Val Loss: 1.3497 Train Acc: 0.7923 Val Acc: 0.4707 L2 Term: 37536.9731
2026-04-19 15:50:27,224 - INFO - Epoch [18/30] Train Loss: 1.0720 Val Loss: 1.3464 Train Acc: 0.8039 Val Acc: 0.4707 L2 Term: 40685.2452
2026-04-19 15:50:28,032 - INFO - Epoch [19/30] Train Loss: 1.0606 Val Loss: 1.3433 Train Acc: 0.8089 Val Acc: 0.4707 L2 Term: 43835.2530
2026-04-19 15:50:28,880 - INFO - Epoch [20/30] Train Loss: 1.0499 Val Loss: 1.3404 Train Acc: 0.8188 Val Acc: 0.4683 L2 Term: 46950.5608
2026-04-19 15:50:29,791 - INFO - Epoch [21/30] Train Loss: 1.0399 Val Loss: 1.3381 Train Acc: 0.8250 Val Acc: 0.4707 L2 Term: 50017.1185
2026-04-19 15:50:30,682 - INFO - Epoch [22/30] Train Loss: 1.0307 Val Loss: 1.3359 Train Acc: 0.8295 Val Acc: 0.4713 L2 Term: 53055.6408
2026-04-19 15:50:31,448 - INFO - Epoch [23/30] Train Loss: 1.0220 Val Loss: 1.3338 Train Acc: 0.8332 Val Acc: 0.4730 L2 Term: 56057.6986
2026-04-19 15:50:32,316 - INFO - Epoch [24/30] Train Loss: 1.0139 Val Loss: 1.3318 Train Acc: 0.8376 Val Acc: 0.4754 L2 Term: 58985.8871
2026-04-19 15:50:33,054 - INFO - Epoch [25/30] Train Loss: 1.0064 Val Loss: 1.3301 Train Acc: 0.8436 Val Acc: 0.4795 L2 Term: 61914.9056
2026-04-19 15:50:33,865 - INFO - Epoch [26/30] Train Loss: 0.9992 Val Loss: 1.3284 Train Acc: 0.8465 Val Acc: 0.4777 L2 Term: 64739.0221
2026-04-19 15:50:34,863 - INFO - Epoch [27/30] Train Loss: 0.9925 Val Loss: 1.3270 Train Acc: 0.8503 Val Acc: 0.4795 L2 Term: 67529.3109
2026-04-19 15:50:38,186 - INFO - Epoch [28/30] Train Loss: 0.9862 Val Loss: 1.3258 Train Acc: 0.8562 Val Acc: 0.4783 L2 Term: 70278.0863
2026-04-19 15:50:39,727 - INFO - Epoch [29/30] Train Loss: 0.9803 Val Loss: 1.3248 Train Acc: 0.8581 Val Acc: 0.4795 L2 Term: 72920.4230
2026-04-19 15:50:43,672 - INFO - Epoch [30/30] Train Loss: 0.9747 Val Loss: 1.3238 Train Acc: 0.8634 Val Acc: 0.4801 L2 Term: 75535.1982
2026-04-19 15:50:45,112 - INFO - Training finished
2026-04-19 15:50:45,112 - INFO - BoW Train Accuracy: 0.8634
2026-04-19 15:50:45,112 - INFO - BoW Validate Accuracy: 0.4801
2026-04-19 15:50:45,112 - INFO - BoW Test Accuracy: 0.4926
