2026-04-19 15:48:38,432 - INFO - Start BoW training
2026-04-19 15:48:38,432 - INFO - Vocabulary size: 15210, Num classes: 5, Epochs: 30, Batch size: 64, Learning rate: 0.001, Loss: cross_entropy_ls, L2 lambda: 0.0001
2026-04-19 15:48:39,048 - INFO - Epoch [1/30] Train Loss: 1.5354 Val Loss: 1.4878 Train Acc: 0.5160 Val Acc: 0.4320 L2 Term: 360.5659
2026-04-19 15:48:39,705 - INFO - Epoch [2/30] Train Loss: 1.4224 Val Loss: 1.4494 Train Acc: 0.5597 Val Acc: 0.4396 L2 Term: 2030.1002
2026-04-19 15:48:40,311 - INFO - Epoch [3/30] Train Loss: 1.3453 Val Loss: 1.4228 Train Acc: 0.6227 Val Acc: 0.4490 L2 Term: 5076.7572
2026-04-19 15:48:40,878 - INFO - Epoch [4/30] Train Loss: 1.2820 Val Loss: 1.4018 Train Acc: 0.6766 Val Acc: 0.4654 L2 Term: 9229.3071
2026-04-19 15:48:41,564 - INFO - Epoch [5/30] Train Loss: 1.2295 Val Loss: 1.3857 Train Acc: 0.7096 Val Acc: 0.4701 L2 Term: 14245.8799
2026-04-19 15:48:42,224 - INFO - Epoch [6/30] Train Loss: 1.1853 Val Loss: 1.3732 Train Acc: 0.7376 Val Acc: 0.4736 L2 Term: 19816.2107
2026-04-19 15:48:42,834 - INFO - Epoch [7/30] Train Loss: 1.1480 Val Loss: 1.3621 Train Acc: 0.7603 Val Acc: 0.4707 L2 Term: 25727.5296
2026-04-19 15:48:43,578 - INFO - Epoch [8/30] Train Loss: 1.1165 Val Loss: 1.3537 Train Acc: 0.7831 Val Acc: 0.4695 L2 Term: 31881.7960
2026-04-19 15:48:44,270 - INFO - Epoch [9/30] Train Loss: 1.0894 Val Loss: 1.3467 Train Acc: 0.7958 Val Acc: 0.4730 L2 Term: 38053.3825
2026-04-19 15:48:44,900 - INFO - Epoch [10/30] Train Loss: 1.0661 Val Loss: 1.3410 Train Acc: 0.8133 Val Acc: 0.4725 L2 Term: 44156.8618
2026-04-19 15:48:45,564 - INFO - Epoch [11/30] Train Loss: 1.0459 Val Loss: 1.3364 Train Acc: 0.8285 Val Acc: 0.4748 L2 Term: 50145.5673
2026-04-19 15:48:46,283 - INFO - Epoch [12/30] Train Loss: 1.0284 Val Loss: 1.3324 Train Acc: 0.8392 Val Acc: 0.4736 L2 Term: 56025.5485
2026-04-19 15:48:47,071 - INFO - Epoch [13/30] Train Loss: 1.0130 Val Loss: 1.3293 Train Acc: 0.8418 Val Acc: 0.4789 L2 Term: 61773.2617
2026-04-19 15:48:47,872 - INFO - Epoch [14/30] Train Loss: 0.9994 Val Loss: 1.3265 Train Acc: 0.8517 Val Acc: 0.4801 L2 Term: 67171.9754
2026-04-19 15:48:48,739 - INFO - Epoch [15/30] Train Loss: 0.9875 Val Loss: 1.3243 Train Acc: 0.8587 Val Acc: 0.4812 L2 Term: 72389.9093
2026-04-19 15:48:49,723 - INFO - Epoch [16/30] Train Loss: 0.9767 Val Loss: 1.3227 Train Acc: 0.8650 Val Acc: 0.4812 L2 Term: 77416.2199
2026-04-19 15:48:50,729 - INFO - Epoch [17/30] Train Loss: 0.9672 Val Loss: 1.3211 Train Acc: 0.8729 Val Acc: 0.4812 L2 Term: 82209.2598
2026-04-19 15:48:51,570 - INFO - Epoch [18/30] Train Loss: 0.9588 Val Loss: 1.3202 Train Acc: 0.8755 Val Acc: 0.4824 L2 Term: 86792.4537
2026-04-19 15:48:52,536 - INFO - Epoch [19/30] Train Loss: 0.9511 Val Loss: 1.3192 Train Acc: 0.8813 Val Acc: 0.4818 L2 Term: 91087.8748
2026-04-19 15:48:53,597 - INFO - Epoch [20/30] Train Loss: 0.9440 Val Loss: 1.3185 Train Acc: 0.8849 Val Acc: 0.4842 L2 Term: 95192.6979
2026-04-19 15:48:54,615 - INFO - Epoch [21/30] Train Loss: 0.9379 Val Loss: 1.3184 Train Acc: 0.8882 Val Acc: 0.4795 L2 Term: 99180.4464
2026-04-19 15:48:55,509 - INFO - Epoch [22/30] Train Loss: 0.9322 Val Loss: 1.3178 Train Acc: 0.8904 Val Acc: 0.4859 L2 Term: 102876.2028
2026-04-19 15:48:56,410 - INFO - Epoch [23/30] Train Loss: 0.9270 Val Loss: 1.3173 Train Acc: 0.8958 Val Acc: 0.4830 L2 Term: 106392.0173
2026-04-19 15:48:57,325 - INFO - Epoch [24/30] Train Loss: 0.9223 Val Loss: 1.3175 Train Acc: 0.8972 Val Acc: 0.4830 L2 Term: 109776.5066
2026-04-19 15:48:58,309 - INFO - Epoch [25/30] Train Loss: 0.9180 Val Loss: 1.3175 Train Acc: 0.9005 Val Acc: 0.4842 L2 Term: 112970.8287
2026-04-19 15:48:59,163 - INFO - Epoch [26/30] Train Loss: 0.9140 Val Loss: 1.3177 Train Acc: 0.9031 Val Acc: 0.4859 L2 Term: 116057.2821
2026-04-19 15:49:00,060 - INFO - Epoch [27/30] Train Loss: 0.9103 Val Loss: 1.3181 Train Acc: 0.9052 Val Acc: 0.4830 L2 Term: 118932.4619
2026-04-19 15:49:01,099 - INFO - Epoch [28/30] Train Loss: 0.9070 Val Loss: 1.3181 Train Acc: 0.9082 Val Acc: 0.4853 L2 Term: 121747.1094
2026-04-19 15:49:02,174 - INFO - Epoch [29/30] Train Loss: 0.9040 Val Loss: 1.3184 Train Acc: 0.9088 Val Acc: 0.4818 L2 Term: 124395.8716
2026-04-19 15:49:03,102 - INFO - Epoch [30/30] Train Loss: 0.9011 Val Loss: 1.3185 Train Acc: 0.9115 Val Acc: 0.4842 L2 Term: 126985.9034
2026-04-19 15:49:03,504 - INFO - Training finished
2026-04-19 15:49:03,504 - INFO - BoW Train Accuracy: 0.8904
2026-04-19 15:49:03,505 - INFO - BoW Validate Accuracy: 0.4859
2026-04-19 15:49:03,505 - INFO - BoW Test Accuracy: 0.4887
