2026-04-19 17:10:52,303 - INFO - Using device: cuda
2026-04-19 17:11:02,914 - INFO - Tokenizer in use: Classification_basic.safe_word_tokenize (NLTK-based)
2026-04-19 17:11:02,942 - INFO - Running config: {'model_name': 'cnn', 'loss_name': 'cross_entropy', 'learning_rate': 0.001, 'optimizer_name': 'adam', 'num_filters': 64, 'kernel_sizes': [3, 4, 5], 'embedding_dim': 128, 'dropout': 0.5, 'epochs': 8, 'max_len': 38}
2026-04-19 17:11:08,864 - INFO - Running config: {'model_name': 'cnn', 'loss_name': 'cross_entropy', 'learning_rate': 0.001, 'optimizer_name': 'adam', 'num_filters': 64, 'kernel_sizes': [2, 3, 4], 'embedding_dim': 128, 'dropout': 0.5, 'epochs': 8, 'max_len': 38}
2026-04-19 17:11:10,921 - INFO - Running config: {'model_name': 'cnn', 'loss_name': 'cross_entropy', 'learning_rate': 0.001, 'optimizer_name': 'adam', 'num_filters': 128, 'kernel_sizes': [3, 4, 5], 'embedding_dim': 128, 'dropout': 0.5, 'epochs': 8, 'max_len': 38}
2026-04-19 17:11:13,043 - INFO - Running config: {'model_name': 'cnn', 'loss_name': 'cross_entropy', 'learning_rate': 0.001, 'optimizer_name': 'adam', 'num_filters': 128, 'kernel_sizes': [2, 3, 4], 'embedding_dim': 128, 'dropout': 0.5, 'epochs': 8, 'max_len': 38}
2026-04-19 17:11:15,145 - INFO - Running config: {'model_name': 'rnn', 'loss_name': 'cross_entropy', 'learning_rate': 0.001, 'optimizer_name': 'adam', 'hidden_size': 128, 'num_layers': 1, 'bidirectional': True, 'embedding_dim': 128, 'dropout': 0.5, 'epochs': 8, 'max_len': 38}
2026-04-19 17:11:21,558 - INFO - Running config: {'model_name': 'rnn', 'loss_name': 'cross_entropy', 'learning_rate': 0.001, 'optimizer_name': 'adam', 'hidden_size': 128, 'num_layers': 2, 'bidirectional': True, 'embedding_dim': 128, 'dropout': 0.5, 'epochs': 8, 'max_len': 38}
2026-04-19 17:11:30,904 - INFO - Running config: {'model_name': 'rnn', 'loss_name': 'cross_entropy', 'learning_rate': 0.001, 'optimizer_name': 'adam', 'hidden_size': 256, 'num_layers': 1, 'bidirectional': True, 'embedding_dim': 128, 'dropout': 0.5, 'epochs': 8, 'max_len': 38}
2026-04-19 17:11:36,708 - INFO - Running config: {'model_name': 'rnn', 'loss_name': 'cross_entropy', 'learning_rate': 0.001, 'optimizer_name': 'adam', 'hidden_size': 256, 'num_layers': 2, 'bidirectional': True, 'embedding_dim': 128, 'dropout': 0.5, 'epochs': 8, 'max_len': 38}
2026-04-19 17:11:45,662 - INFO - Running config: {'model_name': 'transformer', 'loss_name': 'cross_entropy', 'learning_rate': 0.001, 'optimizer_name': 'adam', 'num_heads': 4, 'num_layers': 1, 'ffn_dim': 256, 'embedding_dim': 128, 'dropout': 0.5, 'epochs': 8, 'max_len': 38}
2026-04-19 17:11:48,862 - INFO - Running config: {'model_name': 'transformer', 'loss_name': 'cross_entropy', 'learning_rate': 0.001, 'optimizer_name': 'adam', 'num_heads': 4, 'num_layers': 1, 'ffn_dim': 512, 'embedding_dim': 128, 'dropout': 0.5, 'epochs': 8, 'max_len': 38}
2026-04-19 17:11:51,984 - INFO - Running config: {'model_name': 'transformer', 'loss_name': 'cross_entropy', 'learning_rate': 0.001, 'optimizer_name': 'adam', 'num_heads': 4, 'num_layers': 2, 'ffn_dim': 256, 'embedding_dim': 128, 'dropout': 0.5, 'epochs': 8, 'max_len': 38}
2026-04-19 17:11:56,392 - INFO - Running config: {'model_name': 'transformer', 'loss_name': 'cross_entropy', 'learning_rate': 0.001, 'optimizer_name': 'adam', 'num_heads': 4, 'num_layers': 2, 'ffn_dim': 512, 'embedding_dim': 128, 'dropout': 0.5, 'epochs': 8, 'max_len': 38}
2026-04-19 17:12:00,631 - INFO - Running config: {'model_name': 'transformer', 'loss_name': 'cross_entropy', 'learning_rate': 0.001, 'optimizer_name': 'adam', 'num_heads': 8, 'num_layers': 1, 'ffn_dim': 256, 'embedding_dim': 128, 'dropout': 0.5, 'epochs': 8, 'max_len': 38}
2026-04-19 17:12:03,584 - INFO - Running config: {'model_name': 'transformer', 'loss_name': 'cross_entropy', 'learning_rate': 0.001, 'optimizer_name': 'adam', 'num_heads': 8, 'num_layers': 1, 'ffn_dim': 512, 'embedding_dim': 128, 'dropout': 0.5, 'epochs': 8, 'max_len': 38}
2026-04-19 17:12:06,904 - INFO - Running config: {'model_name': 'transformer', 'loss_name': 'cross_entropy', 'learning_rate': 0.001, 'optimizer_name': 'adam', 'num_heads': 8, 'num_layers': 2, 'ffn_dim': 256, 'embedding_dim': 128, 'dropout': 0.5, 'epochs': 8, 'max_len': 38}
2026-04-19 17:12:10,960 - INFO - Running config: {'model_name': 'transformer', 'loss_name': 'cross_entropy', 'learning_rate': 0.001, 'optimizer_name': 'adam', 'num_heads': 8, 'num_layers': 2, 'ffn_dim': 512, 'embedding_dim': 128, 'dropout': 0.5, 'epochs': 8, 'max_len': 38}
2026-04-19 17:12:14,986 - INFO - Running config: {'model_name': 'cnn', 'loss_name': 'cross_entropy', 'learning_rate': 0.001, 'optimizer_name': 'rmsprop', 'num_filters': 64, 'kernel_sizes': [3, 4, 5], 'embedding_dim': 128, 'dropout': 0.5, 'epochs': 8, 'max_len': 38}
2026-04-19 17:12:16,824 - INFO - Running config: {'model_name': 'cnn', 'loss_name': 'cross_entropy', 'learning_rate': 0.001, 'optimizer_name': 'rmsprop', 'num_filters': 64, 'kernel_sizes': [2, 3, 4], 'embedding_dim': 128, 'dropout': 0.5, 'epochs': 8, 'max_len': 38}
2026-04-19 17:12:18,808 - INFO - Running config: {'model_name': 'cnn', 'loss_name': 'cross_entropy', 'learning_rate': 0.001, 'optimizer_name': 'rmsprop', 'num_filters': 128, 'kernel_sizes': [3, 4, 5], 'embedding_dim': 128, 'dropout': 0.5, 'epochs': 8, 'max_len': 38}
2026-04-19 17:12:20,718 - INFO - Running config: {'model_name': 'cnn', 'loss_name': 'cross_entropy', 'learning_rate': 0.001, 'optimizer_name': 'rmsprop', 'num_filters': 128, 'kernel_sizes': [2, 3, 4], 'embedding_dim': 128, 'dropout': 0.5, 'epochs': 8, 'max_len': 38}
2026-04-19 17:12:22,642 - INFO - Running config: {'model_name': 'rnn', 'loss_name': 'cross_entropy', 'learning_rate': 0.001, 'optimizer_name': 'rmsprop', 'hidden_size': 128, 'num_layers': 1, 'bidirectional': True, 'embedding_dim': 128, 'dropout': 0.5, 'epochs': 8, 'max_len': 38}
2026-04-19 17:12:28,453 - INFO - Running config: {'model_name': 'rnn', 'loss_name': 'cross_entropy', 'learning_rate': 0.001, 'optimizer_name': 'rmsprop', 'hidden_size': 128, 'num_layers': 2, 'bidirectional': True, 'embedding_dim': 128, 'dropout': 0.5, 'epochs': 8, 'max_len': 38}
2026-04-19 17:12:37,326 - INFO - Running config: {'model_name': 'rnn', 'loss_name': 'cross_entropy', 'learning_rate': 0.001, 'optimizer_name': 'rmsprop', 'hidden_size': 256, 'num_layers': 1, 'bidirectional': True, 'embedding_dim': 128, 'dropout': 0.5, 'epochs': 8, 'max_len': 38}
2026-04-19 17:12:43,140 - INFO - Running config: {'model_name': 'rnn', 'loss_name': 'cross_entropy', 'learning_rate': 0.001, 'optimizer_name': 'rmsprop', 'hidden_size': 256, 'num_layers': 2, 'bidirectional': True, 'embedding_dim': 128, 'dropout': 0.5, 'epochs': 8, 'max_len': 38}
2026-04-19 17:12:51,808 - INFO - Running config: {'model_name': 'transformer', 'loss_name': 'cross_entropy', 'learning_rate': 0.001, 'optimizer_name': 'rmsprop', 'num_heads': 4, 'num_layers': 1, 'ffn_dim': 256, 'embedding_dim': 128, 'dropout': 0.5, 'epochs': 8, 'max_len': 38}
2026-04-19 17:12:54,820 - INFO - Running config: {'model_name': 'transformer', 'loss_name': 'cross_entropy', 'learning_rate': 0.001, 'optimizer_name': 'rmsprop', 'num_heads': 4, 'num_layers': 1, 'ffn_dim': 512, 'embedding_dim': 128, 'dropout': 0.5, 'epochs': 8, 'max_len': 38}
2026-04-19 17:12:57,809 - INFO - Running config: {'model_name': 'transformer', 'loss_name': 'cross_entropy', 'learning_rate': 0.001, 'optimizer_name': 'rmsprop', 'num_heads': 4, 'num_layers': 2, 'ffn_dim': 256, 'embedding_dim': 128, 'dropout': 0.5, 'epochs': 8, 'max_len': 38}
2026-04-19 17:13:02,094 - INFO - Running config: {'model_name': 'transformer', 'loss_name': 'cross_entropy', 'learning_rate': 0.001, 'optimizer_name': 'rmsprop', 'num_heads': 4, 'num_layers': 2, 'ffn_dim': 512, 'embedding_dim': 128, 'dropout': 0.5, 'epochs': 8, 'max_len': 38}
2026-04-19 17:13:06,314 - INFO - Running config: {'model_name': 'transformer', 'loss_name': 'cross_entropy', 'learning_rate': 0.001, 'optimizer_name': 'rmsprop', 'num_heads': 8, 'num_layers': 1, 'ffn_dim': 256, 'embedding_dim': 128, 'dropout': 0.5, 'epochs': 8, 'max_len': 38}
2026-04-19 17:13:09,240 - INFO - Running config: {'model_name': 'transformer', 'loss_name': 'cross_entropy', 'learning_rate': 0.001, 'optimizer_name': 'rmsprop', 'num_heads': 8, 'num_layers': 1, 'ffn_dim': 512, 'embedding_dim': 128, 'dropout': 0.5, 'epochs': 8, 'max_len': 38}
2026-04-19 17:13:12,223 - INFO - Running config: {'model_name': 'transformer', 'loss_name': 'cross_entropy', 'learning_rate': 0.001, 'optimizer_name': 'rmsprop', 'num_heads': 8, 'num_layers': 2, 'ffn_dim': 256, 'embedding_dim': 128, 'dropout': 0.5, 'epochs': 8, 'max_len': 38}
2026-04-19 17:13:16,518 - INFO - Running config: {'model_name': 'transformer', 'loss_name': 'cross_entropy', 'learning_rate': 0.001, 'optimizer_name': 'rmsprop', 'num_heads': 8, 'num_layers': 2, 'ffn_dim': 512, 'embedding_dim': 128, 'dropout': 0.5, 'epochs': 8, 'max_len': 38}
2026-04-19 17:13:20,581 - INFO - Running config: {'model_name': 'cnn', 'loss_name': 'cross_entropy', 'learning_rate': 0.0005, 'optimizer_name': 'adam', 'num_filters': 64, 'kernel_sizes': [3, 4, 5], 'embedding_dim': 128, 'dropout': 0.5, 'epochs': 8, 'max_len': 38}
2026-04-19 17:13:22,724 - INFO - Running config: {'model_name': 'cnn', 'loss_name': 'cross_entropy', 'learning_rate': 0.0005, 'optimizer_name': 'adam', 'num_filters': 64, 'kernel_sizes': [2, 3, 4], 'embedding_dim': 128, 'dropout': 0.5, 'epochs': 8, 'max_len': 38}
2026-04-19 17:13:24,774 - INFO - Running config: {'model_name': 'cnn', 'loss_name': 'cross_entropy', 'learning_rate': 0.0005, 'optimizer_name': 'adam', 'num_filters': 128, 'kernel_sizes': [3, 4, 5], 'embedding_dim': 128, 'dropout': 0.5, 'epochs': 8, 'max_len': 38}
2026-04-19 17:13:26,862 - INFO - Running config: {'model_name': 'cnn', 'loss_name': 'cross_entropy', 'learning_rate': 0.0005, 'optimizer_name': 'adam', 'num_filters': 128, 'kernel_sizes': [2, 3, 4], 'embedding_dim': 128, 'dropout': 0.5, 'epochs': 8, 'max_len': 38}
2026-04-19 17:13:28,986 - INFO - Running config: {'model_name': 'rnn', 'loss_name': 'cross_entropy', 'learning_rate': 0.0005, 'optimizer_name': 'adam', 'hidden_size': 128, 'num_layers': 1, 'bidirectional': True, 'embedding_dim': 128, 'dropout': 0.5, 'epochs': 8, 'max_len': 38}
2026-04-19 17:13:34,950 - INFO - Running config: {'model_name': 'rnn', 'loss_name': 'cross_entropy', 'learning_rate': 0.0005, 'optimizer_name': 'adam', 'hidden_size': 128, 'num_layers': 2, 'bidirectional': True, 'embedding_dim': 128, 'dropout': 0.5, 'epochs': 8, 'max_len': 38}
2026-04-19 17:13:44,024 - INFO - Running config: {'model_name': 'rnn', 'loss_name': 'cross_entropy', 'learning_rate': 0.0005, 'optimizer_name': 'adam', 'hidden_size': 256, 'num_layers': 1, 'bidirectional': True, 'embedding_dim': 128, 'dropout': 0.5, 'epochs': 8, 'max_len': 38}
2026-04-19 17:13:50,346 - INFO - Running config: {'model_name': 'rnn', 'loss_name': 'cross_entropy', 'learning_rate': 0.0005, 'optimizer_name': 'adam', 'hidden_size': 256, 'num_layers': 2, 'bidirectional': True, 'embedding_dim': 128, 'dropout': 0.5, 'epochs': 8, 'max_len': 38}
2026-04-19 17:13:59,049 - INFO - Running config: {'model_name': 'transformer', 'loss_name': 'cross_entropy', 'learning_rate': 0.0005, 'optimizer_name': 'adam', 'num_heads': 4, 'num_layers': 1, 'ffn_dim': 256, 'embedding_dim': 128, 'dropout': 0.5, 'epochs': 8, 'max_len': 38}
2026-04-19 17:14:01,897 - INFO - Running config: {'model_name': 'transformer', 'loss_name': 'cross_entropy', 'learning_rate': 0.0005, 'optimizer_name': 'adam', 'num_heads': 4, 'num_layers': 1, 'ffn_dim': 512, 'embedding_dim': 128, 'dropout': 0.5, 'epochs': 8, 'max_len': 38}
2026-04-19 17:14:04,664 - INFO - Running config: {'model_name': 'transformer', 'loss_name': 'cross_entropy', 'learning_rate': 0.0005, 'optimizer_name': 'adam', 'num_heads': 4, 'num_layers': 2, 'ffn_dim': 256, 'embedding_dim': 128, 'dropout': 0.5, 'epochs': 8, 'max_len': 38}
2026-04-19 17:14:08,544 - INFO - Running config: {'model_name': 'transformer', 'loss_name': 'cross_entropy', 'learning_rate': 0.0005, 'optimizer_name': 'adam', 'num_heads': 4, 'num_layers': 2, 'ffn_dim': 512, 'embedding_dim': 128, 'dropout': 0.5, 'epochs': 8, 'max_len': 38}
2026-04-19 17:14:12,724 - INFO - Running config: {'model_name': 'transformer', 'loss_name': 'cross_entropy', 'learning_rate': 0.0005, 'optimizer_name': 'adam', 'num_heads': 8, 'num_layers': 1, 'ffn_dim': 256, 'embedding_dim': 128, 'dropout': 0.5, 'epochs': 8, 'max_len': 38}
2026-04-19 17:14:15,565 - INFO - Running config: {'model_name': 'transformer', 'loss_name': 'cross_entropy', 'learning_rate': 0.0005, 'optimizer_name': 'adam', 'num_heads': 8, 'num_layers': 1, 'ffn_dim': 512, 'embedding_dim': 128, 'dropout': 0.5, 'epochs': 8, 'max_len': 38}
2026-04-19 17:14:18,651 - INFO - Running config: {'model_name': 'transformer', 'loss_name': 'cross_entropy', 'learning_rate': 0.0005, 'optimizer_name': 'adam', 'num_heads': 8, 'num_layers': 2, 'ffn_dim': 256, 'embedding_dim': 128, 'dropout': 0.5, 'epochs': 8, 'max_len': 38}
2026-04-19 17:14:23,307 - INFO - Running config: {'model_name': 'transformer', 'loss_name': 'cross_entropy', 'learning_rate': 0.0005, 'optimizer_name': 'adam', 'num_heads': 8, 'num_layers': 2, 'ffn_dim': 512, 'embedding_dim': 128, 'dropout': 0.5, 'epochs': 8, 'max_len': 38}
2026-04-19 17:14:26,903 - INFO - Running config: {'model_name': 'cnn', 'loss_name': 'cross_entropy', 'learning_rate': 0.0005, 'optimizer_name': 'rmsprop', 'num_filters': 64, 'kernel_sizes': [3, 4, 5], 'embedding_dim': 128, 'dropout': 0.5, 'epochs': 8, 'max_len': 38}
2026-04-19 17:14:28,801 - INFO - Running config: {'model_name': 'cnn', 'loss_name': 'cross_entropy', 'learning_rate': 0.0005, 'optimizer_name': 'rmsprop', 'num_filters': 64, 'kernel_sizes': [2, 3, 4], 'embedding_dim': 128, 'dropout': 0.5, 'epochs': 8, 'max_len': 38}
2026-04-19 17:14:30,727 - INFO - Running config: {'model_name': 'cnn', 'loss_name': 'cross_entropy', 'learning_rate': 0.0005, 'optimizer_name': 'rmsprop', 'num_filters': 128, 'kernel_sizes': [3, 4, 5], 'embedding_dim': 128, 'dropout': 0.5, 'epochs': 8, 'max_len': 38}
2026-04-19 17:14:32,594 - INFO - Running config: {'model_name': 'cnn', 'loss_name': 'cross_entropy', 'learning_rate': 0.0005, 'optimizer_name': 'rmsprop', 'num_filters': 128, 'kernel_sizes': [2, 3, 4], 'embedding_dim': 128, 'dropout': 0.5, 'epochs': 8, 'max_len': 38}
2026-04-19 17:14:34,457 - INFO - Running config: {'model_name': 'rnn', 'loss_name': 'cross_entropy', 'learning_rate': 0.0005, 'optimizer_name': 'rmsprop', 'hidden_size': 128, 'num_layers': 1, 'bidirectional': True, 'embedding_dim': 128, 'dropout': 0.5, 'epochs': 8, 'max_len': 38}
2026-04-19 17:14:40,312 - INFO - Running config: {'model_name': 'rnn', 'loss_name': 'cross_entropy', 'learning_rate': 0.0005, 'optimizer_name': 'rmsprop', 'hidden_size': 128, 'num_layers': 2, 'bidirectional': True, 'embedding_dim': 128, 'dropout': 0.5, 'epochs': 8, 'max_len': 38}
2026-04-19 17:14:49,322 - INFO - Running config: {'model_name': 'rnn', 'loss_name': 'cross_entropy', 'learning_rate': 0.0005, 'optimizer_name': 'rmsprop', 'hidden_size': 256, 'num_layers': 1, 'bidirectional': True, 'embedding_dim': 128, 'dropout': 0.5, 'epochs': 8, 'max_len': 38}
2026-04-19 17:14:54,941 - INFO - Running config: {'model_name': 'rnn', 'loss_name': 'cross_entropy', 'learning_rate': 0.0005, 'optimizer_name': 'rmsprop', 'hidden_size': 256, 'num_layers': 2, 'bidirectional': True, 'embedding_dim': 128, 'dropout': 0.5, 'epochs': 8, 'max_len': 38}
2026-04-19 17:15:03,580 - INFO - Running config: {'model_name': 'transformer', 'loss_name': 'cross_entropy', 'learning_rate': 0.0005, 'optimizer_name': 'rmsprop', 'num_heads': 4, 'num_layers': 1, 'ffn_dim': 256, 'embedding_dim': 128, 'dropout': 0.5, 'epochs': 8, 'max_len': 38}
2026-04-19 17:15:06,431 - INFO - Running config: {'model_name': 'transformer', 'loss_name': 'cross_entropy', 'learning_rate': 0.0005, 'optimizer_name': 'rmsprop', 'num_heads': 4, 'num_layers': 1, 'ffn_dim': 512, 'embedding_dim': 128, 'dropout': 0.5, 'epochs': 8, 'max_len': 38}
2026-04-19 17:15:09,319 - INFO - Running config: {'model_name': 'transformer', 'loss_name': 'cross_entropy', 'learning_rate': 0.0005, 'optimizer_name': 'rmsprop', 'num_heads': 4, 'num_layers': 2, 'ffn_dim': 256, 'embedding_dim': 128, 'dropout': 0.5, 'epochs': 8, 'max_len': 38}
2026-04-19 17:15:13,082 - INFO - Running config: {'model_name': 'transformer', 'loss_name': 'cross_entropy', 'learning_rate': 0.0005, 'optimizer_name': 'rmsprop', 'num_heads': 4, 'num_layers': 2, 'ffn_dim': 512, 'embedding_dim': 128, 'dropout': 0.5, 'epochs': 8, 'max_len': 38}
2026-04-19 17:15:17,003 - INFO - Running config: {'model_name': 'transformer', 'loss_name': 'cross_entropy', 'learning_rate': 0.0005, 'optimizer_name': 'rmsprop', 'num_heads': 8, 'num_layers': 1, 'ffn_dim': 256, 'embedding_dim': 128, 'dropout': 0.5, 'epochs': 8, 'max_len': 38}
2026-04-19 17:15:19,739 - INFO - Running config: {'model_name': 'transformer', 'loss_name': 'cross_entropy', 'learning_rate': 0.0005, 'optimizer_name': 'rmsprop', 'num_heads': 8, 'num_layers': 1, 'ffn_dim': 512, 'embedding_dim': 128, 'dropout': 0.5, 'epochs': 8, 'max_len': 38}
2026-04-19 17:15:22,536 - INFO - Running config: {'model_name': 'transformer', 'loss_name': 'cross_entropy', 'learning_rate': 0.0005, 'optimizer_name': 'rmsprop', 'num_heads': 8, 'num_layers': 2, 'ffn_dim': 256, 'embedding_dim': 128, 'dropout': 0.5, 'epochs': 8, 'max_len': 38}
2026-04-19 17:15:26,479 - INFO - Running config: {'model_name': 'transformer', 'loss_name': 'cross_entropy', 'learning_rate': 0.0005, 'optimizer_name': 'rmsprop', 'num_heads': 8, 'num_layers': 2, 'ffn_dim': 512, 'embedding_dim': 128, 'dropout': 0.5, 'epochs': 8, 'max_len': 38}
2026-04-19 17:15:30,473 - INFO - Running config: {'model_name': 'cnn', 'loss_name': 'cross_entropy_ls', 'learning_rate': 0.001, 'optimizer_name': 'adam', 'num_filters': 64, 'kernel_sizes': [3, 4, 5], 'embedding_dim': 128, 'dropout': 0.5, 'epochs': 8, 'max_len': 38}
2026-04-19 17:15:32,662 - INFO - Running config: {'model_name': 'cnn', 'loss_name': 'cross_entropy_ls', 'learning_rate': 0.001, 'optimizer_name': 'adam', 'num_filters': 64, 'kernel_sizes': [2, 3, 4], 'embedding_dim': 128, 'dropout': 0.5, 'epochs': 8, 'max_len': 38}
2026-04-19 17:15:34,770 - INFO - Running config: {'model_name': 'cnn', 'loss_name': 'cross_entropy_ls', 'learning_rate': 0.001, 'optimizer_name': 'adam', 'num_filters': 128, 'kernel_sizes': [3, 4, 5], 'embedding_dim': 128, 'dropout': 0.5, 'epochs': 8, 'max_len': 38}
2026-04-19 17:15:36,815 - INFO - Running config: {'model_name': 'cnn', 'loss_name': 'cross_entropy_ls', 'learning_rate': 0.001, 'optimizer_name': 'adam', 'num_filters': 128, 'kernel_sizes': [2, 3, 4], 'embedding_dim': 128, 'dropout': 0.5, 'epochs': 8, 'max_len': 38}
2026-04-19 17:15:38,887 - INFO - Running config: {'model_name': 'rnn', 'loss_name': 'cross_entropy_ls', 'learning_rate': 0.001, 'optimizer_name': 'adam', 'hidden_size': 128, 'num_layers': 1, 'bidirectional': True, 'embedding_dim': 128, 'dropout': 0.5, 'epochs': 8, 'max_len': 38}
2026-04-19 17:15:44,857 - INFO - Running config: {'model_name': 'rnn', 'loss_name': 'cross_entropy_ls', 'learning_rate': 0.001, 'optimizer_name': 'adam', 'hidden_size': 128, 'num_layers': 2, 'bidirectional': True, 'embedding_dim': 128, 'dropout': 0.5, 'epochs': 8, 'max_len': 38}
2026-04-19 17:15:53,939 - INFO - Running config: {'model_name': 'rnn', 'loss_name': 'cross_entropy_ls', 'learning_rate': 0.001, 'optimizer_name': 'adam', 'hidden_size': 256, 'num_layers': 1, 'bidirectional': True, 'embedding_dim': 128, 'dropout': 0.5, 'epochs': 8, 'max_len': 38}
2026-04-19 17:15:59,766 - INFO - Running config: {'model_name': 'rnn', 'loss_name': 'cross_entropy_ls', 'learning_rate': 0.001, 'optimizer_name': 'adam', 'hidden_size': 256, 'num_layers': 2, 'bidirectional': True, 'embedding_dim': 128, 'dropout': 0.5, 'epochs': 8, 'max_len': 38}
2026-04-19 17:16:08,686 - INFO - Running config: {'model_name': 'transformer', 'loss_name': 'cross_entropy_ls', 'learning_rate': 0.001, 'optimizer_name': 'adam', 'num_heads': 4, 'num_layers': 1, 'ffn_dim': 256, 'embedding_dim': 128, 'dropout': 0.5, 'epochs': 8, 'max_len': 38}
2026-04-19 17:16:12,032 - INFO - Running config: {'model_name': 'transformer', 'loss_name': 'cross_entropy_ls', 'learning_rate': 0.001, 'optimizer_name': 'adam', 'num_heads': 4, 'num_layers': 1, 'ffn_dim': 512, 'embedding_dim': 128, 'dropout': 0.5, 'epochs': 8, 'max_len': 38}
2026-04-19 17:16:15,084 - INFO - Running config: {'model_name': 'transformer', 'loss_name': 'cross_entropy_ls', 'learning_rate': 0.001, 'optimizer_name': 'adam', 'num_heads': 4, 'num_layers': 2, 'ffn_dim': 256, 'embedding_dim': 128, 'dropout': 0.5, 'epochs': 8, 'max_len': 38}
2026-04-19 17:16:19,215 - INFO - Running config: {'model_name': 'transformer', 'loss_name': 'cross_entropy_ls', 'learning_rate': 0.001, 'optimizer_name': 'adam', 'num_heads': 4, 'num_layers': 2, 'ffn_dim': 512, 'embedding_dim': 128, 'dropout': 0.5, 'epochs': 8, 'max_len': 38}
2026-04-19 17:16:23,751 - INFO - Running config: {'model_name': 'transformer', 'loss_name': 'cross_entropy_ls', 'learning_rate': 0.001, 'optimizer_name': 'adam', 'num_heads': 8, 'num_layers': 1, 'ffn_dim': 256, 'embedding_dim': 128, 'dropout': 0.5, 'epochs': 8, 'max_len': 38}
2026-04-19 17:16:26,819 - INFO - Running config: {'model_name': 'transformer', 'loss_name': 'cross_entropy_ls', 'learning_rate': 0.001, 'optimizer_name': 'adam', 'num_heads': 8, 'num_layers': 1, 'ffn_dim': 512, 'embedding_dim': 128, 'dropout': 0.5, 'epochs': 8, 'max_len': 38}
2026-04-19 17:16:29,769 - INFO - Running config: {'model_name': 'transformer', 'loss_name': 'cross_entropy_ls', 'learning_rate': 0.001, 'optimizer_name': 'adam', 'num_heads': 8, 'num_layers': 2, 'ffn_dim': 256, 'embedding_dim': 128, 'dropout': 0.5, 'epochs': 8, 'max_len': 38}
2026-04-19 17:16:34,238 - INFO - Running config: {'model_name': 'transformer', 'loss_name': 'cross_entropy_ls', 'learning_rate': 0.001, 'optimizer_name': 'adam', 'num_heads': 8, 'num_layers': 2, 'ffn_dim': 512, 'embedding_dim': 128, 'dropout': 0.5, 'epochs': 8, 'max_len': 38}
2026-04-19 17:16:38,793 - INFO - Running config: {'model_name': 'cnn', 'loss_name': 'cross_entropy_ls', 'learning_rate': 0.001, 'optimizer_name': 'rmsprop', 'num_filters': 64, 'kernel_sizes': [3, 4, 5], 'embedding_dim': 128, 'dropout': 0.5, 'epochs': 8, 'max_len': 38}
2026-04-19 17:16:41,281 - INFO - Running config: {'model_name': 'cnn', 'loss_name': 'cross_entropy_ls', 'learning_rate': 0.001, 'optimizer_name': 'rmsprop', 'num_filters': 64, 'kernel_sizes': [2, 3, 4], 'embedding_dim': 128, 'dropout': 0.5, 'epochs': 8, 'max_len': 38}
2026-04-19 17:16:43,591 - INFO - Running config: {'model_name': 'cnn', 'loss_name': 'cross_entropy_ls', 'learning_rate': 0.001, 'optimizer_name': 'rmsprop', 'num_filters': 128, 'kernel_sizes': [3, 4, 5], 'embedding_dim': 128, 'dropout': 0.5, 'epochs': 8, 'max_len': 38}
2026-04-19 17:16:45,963 - INFO - Running config: {'model_name': 'cnn', 'loss_name': 'cross_entropy_ls', 'learning_rate': 0.001, 'optimizer_name': 'rmsprop', 'num_filters': 128, 'kernel_sizes': [2, 3, 4], 'embedding_dim': 128, 'dropout': 0.5, 'epochs': 8, 'max_len': 38}
2026-04-19 17:16:48,314 - INFO - Running config: {'model_name': 'rnn', 'loss_name': 'cross_entropy_ls', 'learning_rate': 0.001, 'optimizer_name': 'rmsprop', 'hidden_size': 128, 'num_layers': 1, 'bidirectional': True, 'embedding_dim': 128, 'dropout': 0.5, 'epochs': 8, 'max_len': 38}
2026-04-19 17:16:55,104 - INFO - Running config: {'model_name': 'rnn', 'loss_name': 'cross_entropy_ls', 'learning_rate': 0.001, 'optimizer_name': 'rmsprop', 'hidden_size': 128, 'num_layers': 2, 'bidirectional': True, 'embedding_dim': 128, 'dropout': 0.5, 'epochs': 8, 'max_len': 38}
2026-04-19 17:17:04,964 - INFO - Running config: {'model_name': 'rnn', 'loss_name': 'cross_entropy_ls', 'learning_rate': 0.001, 'optimizer_name': 'rmsprop', 'hidden_size': 256, 'num_layers': 1, 'bidirectional': True, 'embedding_dim': 128, 'dropout': 0.5, 'epochs': 8, 'max_len': 38}
2026-04-19 17:17:11,080 - INFO - Running config: {'model_name': 'rnn', 'loss_name': 'cross_entropy_ls', 'learning_rate': 0.001, 'optimizer_name': 'rmsprop', 'hidden_size': 256, 'num_layers': 2, 'bidirectional': True, 'embedding_dim': 128, 'dropout': 0.5, 'epochs': 8, 'max_len': 38}
2026-04-19 17:17:20,724 - INFO - Running config: {'model_name': 'transformer', 'loss_name': 'cross_entropy_ls', 'learning_rate': 0.001, 'optimizer_name': 'rmsprop', 'num_heads': 4, 'num_layers': 1, 'ffn_dim': 256, 'embedding_dim': 128, 'dropout': 0.5, 'epochs': 8, 'max_len': 38}
2026-04-19 17:17:24,153 - INFO - Running config: {'model_name': 'transformer', 'loss_name': 'cross_entropy_ls', 'learning_rate': 0.001, 'optimizer_name': 'rmsprop', 'num_heads': 4, 'num_layers': 1, 'ffn_dim': 512, 'embedding_dim': 128, 'dropout': 0.5, 'epochs': 8, 'max_len': 38}
2026-04-19 17:17:27,550 - INFO - Running config: {'model_name': 'transformer', 'loss_name': 'cross_entropy_ls', 'learning_rate': 0.001, 'optimizer_name': 'rmsprop', 'num_heads': 4, 'num_layers': 2, 'ffn_dim': 256, 'embedding_dim': 128, 'dropout': 0.5, 'epochs': 8, 'max_len': 38}
2026-04-19 17:17:32,425 - INFO - Running config: {'model_name': 'transformer', 'loss_name': 'cross_entropy_ls', 'learning_rate': 0.001, 'optimizer_name': 'rmsprop', 'num_heads': 4, 'num_layers': 2, 'ffn_dim': 512, 'embedding_dim': 128, 'dropout': 0.5, 'epochs': 8, 'max_len': 38}
2026-04-19 17:17:37,522 - INFO - Running config: {'model_name': 'transformer', 'loss_name': 'cross_entropy_ls', 'learning_rate': 0.001, 'optimizer_name': 'rmsprop', 'num_heads': 8, 'num_layers': 1, 'ffn_dim': 256, 'embedding_dim': 128, 'dropout': 0.5, 'epochs': 8, 'max_len': 38}
2026-04-19 17:17:40,732 - INFO - Running config: {'model_name': 'transformer', 'loss_name': 'cross_entropy_ls', 'learning_rate': 0.001, 'optimizer_name': 'rmsprop', 'num_heads': 8, 'num_layers': 1, 'ffn_dim': 512, 'embedding_dim': 128, 'dropout': 0.5, 'epochs': 8, 'max_len': 38}
2026-04-19 17:17:44,670 - INFO - Running config: {'model_name': 'transformer', 'loss_name': 'cross_entropy_ls', 'learning_rate': 0.001, 'optimizer_name': 'rmsprop', 'num_heads': 8, 'num_layers': 2, 'ffn_dim': 256, 'embedding_dim': 128, 'dropout': 0.5, 'epochs': 8, 'max_len': 38}
2026-04-19 17:17:49,496 - INFO - Running config: {'model_name': 'transformer', 'loss_name': 'cross_entropy_ls', 'learning_rate': 0.001, 'optimizer_name': 'rmsprop', 'num_heads': 8, 'num_layers': 2, 'ffn_dim': 512, 'embedding_dim': 128, 'dropout': 0.5, 'epochs': 8, 'max_len': 38}
2026-04-19 17:17:53,827 - INFO - Running config: {'model_name': 'cnn', 'loss_name': 'cross_entropy_ls', 'learning_rate': 0.0005, 'optimizer_name': 'adam', 'num_filters': 64, 'kernel_sizes': [3, 4, 5], 'embedding_dim': 128, 'dropout': 0.5, 'epochs': 8, 'max_len': 38}
2026-04-19 17:17:56,155 - INFO - Running config: {'model_name': 'cnn', 'loss_name': 'cross_entropy_ls', 'learning_rate': 0.0005, 'optimizer_name': 'adam', 'num_filters': 64, 'kernel_sizes': [2, 3, 4], 'embedding_dim': 128, 'dropout': 0.5, 'epochs': 8, 'max_len': 38}
2026-04-19 17:17:58,476 - INFO - Running config: {'model_name': 'cnn', 'loss_name': 'cross_entropy_ls', 'learning_rate': 0.0005, 'optimizer_name': 'adam', 'num_filters': 128, 'kernel_sizes': [3, 4, 5], 'embedding_dim': 128, 'dropout': 0.5, 'epochs': 8, 'max_len': 38}
2026-04-19 17:18:00,847 - INFO - Running config: {'model_name': 'cnn', 'loss_name': 'cross_entropy_ls', 'learning_rate': 0.0005, 'optimizer_name': 'adam', 'num_filters': 128, 'kernel_sizes': [2, 3, 4], 'embedding_dim': 128, 'dropout': 0.5, 'epochs': 8, 'max_len': 38}
2026-04-19 17:18:02,975 - INFO - Running config: {'model_name': 'rnn', 'loss_name': 'cross_entropy_ls', 'learning_rate': 0.0005, 'optimizer_name': 'adam', 'hidden_size': 128, 'num_layers': 1, 'bidirectional': True, 'embedding_dim': 128, 'dropout': 0.5, 'epochs': 8, 'max_len': 38}
2026-04-19 17:18:09,050 - INFO - Running config: {'model_name': 'rnn', 'loss_name': 'cross_entropy_ls', 'learning_rate': 0.0005, 'optimizer_name': 'adam', 'hidden_size': 128, 'num_layers': 2, 'bidirectional': True, 'embedding_dim': 128, 'dropout': 0.5, 'epochs': 8, 'max_len': 38}
2026-04-19 17:18:18,093 - INFO - Running config: {'model_name': 'rnn', 'loss_name': 'cross_entropy_ls', 'learning_rate': 0.0005, 'optimizer_name': 'adam', 'hidden_size': 256, 'num_layers': 1, 'bidirectional': True, 'embedding_dim': 128, 'dropout': 0.5, 'epochs': 8, 'max_len': 38}
2026-04-19 17:18:23,900 - INFO - Running config: {'model_name': 'rnn', 'loss_name': 'cross_entropy_ls', 'learning_rate': 0.0005, 'optimizer_name': 'adam', 'hidden_size': 256, 'num_layers': 2, 'bidirectional': True, 'embedding_dim': 128, 'dropout': 0.5, 'epochs': 8, 'max_len': 38}
2026-04-19 17:18:32,765 - INFO - Running config: {'model_name': 'transformer', 'loss_name': 'cross_entropy_ls', 'learning_rate': 0.0005, 'optimizer_name': 'adam', 'num_heads': 4, 'num_layers': 1, 'ffn_dim': 256, 'embedding_dim': 128, 'dropout': 0.5, 'epochs': 8, 'max_len': 38}
2026-04-19 17:18:35,923 - INFO - Running config: {'model_name': 'transformer', 'loss_name': 'cross_entropy_ls', 'learning_rate': 0.0005, 'optimizer_name': 'adam', 'num_heads': 4, 'num_layers': 1, 'ffn_dim': 512, 'embedding_dim': 128, 'dropout': 0.5, 'epochs': 8, 'max_len': 38}
2026-04-19 17:18:39,264 - INFO - Running config: {'model_name': 'transformer', 'loss_name': 'cross_entropy_ls', 'learning_rate': 0.0005, 'optimizer_name': 'adam', 'num_heads': 4, 'num_layers': 2, 'ffn_dim': 256, 'embedding_dim': 128, 'dropout': 0.5, 'epochs': 8, 'max_len': 38}
2026-04-19 17:18:43,875 - INFO - Running config: {'model_name': 'transformer', 'loss_name': 'cross_entropy_ls', 'learning_rate': 0.0005, 'optimizer_name': 'adam', 'num_heads': 4, 'num_layers': 2, 'ffn_dim': 512, 'embedding_dim': 128, 'dropout': 0.5, 'epochs': 8, 'max_len': 38}
2026-04-19 17:18:48,757 - INFO - Running config: {'model_name': 'transformer', 'loss_name': 'cross_entropy_ls', 'learning_rate': 0.0005, 'optimizer_name': 'adam', 'num_heads': 8, 'num_layers': 1, 'ffn_dim': 256, 'embedding_dim': 128, 'dropout': 0.5, 'epochs': 8, 'max_len': 38}
2026-04-19 17:18:51,959 - INFO - Running config: {'model_name': 'transformer', 'loss_name': 'cross_entropy_ls', 'learning_rate': 0.0005, 'optimizer_name': 'adam', 'num_heads': 8, 'num_layers': 1, 'ffn_dim': 512, 'embedding_dim': 128, 'dropout': 0.5, 'epochs': 8, 'max_len': 38}
2026-04-19 17:18:55,211 - INFO - Running config: {'model_name': 'transformer', 'loss_name': 'cross_entropy_ls', 'learning_rate': 0.0005, 'optimizer_name': 'adam', 'num_heads': 8, 'num_layers': 2, 'ffn_dim': 256, 'embedding_dim': 128, 'dropout': 0.5, 'epochs': 8, 'max_len': 38}
2026-04-19 17:18:59,765 - INFO - Running config: {'model_name': 'transformer', 'loss_name': 'cross_entropy_ls', 'learning_rate': 0.0005, 'optimizer_name': 'adam', 'num_heads': 8, 'num_layers': 2, 'ffn_dim': 512, 'embedding_dim': 128, 'dropout': 0.5, 'epochs': 8, 'max_len': 38}
2026-04-19 17:19:04,301 - INFO - Running config: {'model_name': 'cnn', 'loss_name': 'cross_entropy_ls', 'learning_rate': 0.0005, 'optimizer_name': 'rmsprop', 'num_filters': 64, 'kernel_sizes': [3, 4, 5], 'embedding_dim': 128, 'dropout': 0.5, 'epochs': 8, 'max_len': 38}
2026-04-19 17:19:06,663 - INFO - Running config: {'model_name': 'cnn', 'loss_name': 'cross_entropy_ls', 'learning_rate': 0.0005, 'optimizer_name': 'rmsprop', 'num_filters': 64, 'kernel_sizes': [2, 3, 4], 'embedding_dim': 128, 'dropout': 0.5, 'epochs': 8, 'max_len': 38}
2026-04-19 17:19:08,912 - INFO - Running config: {'model_name': 'cnn', 'loss_name': 'cross_entropy_ls', 'learning_rate': 0.0005, 'optimizer_name': 'rmsprop', 'num_filters': 128, 'kernel_sizes': [3, 4, 5], 'embedding_dim': 128, 'dropout': 0.5, 'epochs': 8, 'max_len': 38}
2026-04-19 17:19:11,276 - INFO - Running config: {'model_name': 'cnn', 'loss_name': 'cross_entropy_ls', 'learning_rate': 0.0005, 'optimizer_name': 'rmsprop', 'num_filters': 128, 'kernel_sizes': [2, 3, 4], 'embedding_dim': 128, 'dropout': 0.5, 'epochs': 8, 'max_len': 38}
2026-04-19 17:19:13,540 - INFO - Running config: {'model_name': 'rnn', 'loss_name': 'cross_entropy_ls', 'learning_rate': 0.0005, 'optimizer_name': 'rmsprop', 'hidden_size': 128, 'num_layers': 1, 'bidirectional': True, 'embedding_dim': 128, 'dropout': 0.5, 'epochs': 8, 'max_len': 38}
2026-04-19 17:19:19,640 - INFO - Running config: {'model_name': 'rnn', 'loss_name': 'cross_entropy_ls', 'learning_rate': 0.0005, 'optimizer_name': 'rmsprop', 'hidden_size': 128, 'num_layers': 2, 'bidirectional': True, 'embedding_dim': 128, 'dropout': 0.5, 'epochs': 8, 'max_len': 38}
2026-04-19 17:19:28,938 - INFO - Running config: {'model_name': 'rnn', 'loss_name': 'cross_entropy_ls', 'learning_rate': 0.0005, 'optimizer_name': 'rmsprop', 'hidden_size': 256, 'num_layers': 1, 'bidirectional': True, 'embedding_dim': 128, 'dropout': 0.5, 'epochs': 8, 'max_len': 38}
2026-04-19 17:19:34,904 - INFO - Running config: {'model_name': 'rnn', 'loss_name': 'cross_entropy_ls', 'learning_rate': 0.0005, 'optimizer_name': 'rmsprop', 'hidden_size': 256, 'num_layers': 2, 'bidirectional': True, 'embedding_dim': 128, 'dropout': 0.5, 'epochs': 8, 'max_len': 38}
2026-04-19 17:19:43,996 - INFO - Running config: {'model_name': 'transformer', 'loss_name': 'cross_entropy_ls', 'learning_rate': 0.0005, 'optimizer_name': 'rmsprop', 'num_heads': 4, 'num_layers': 1, 'ffn_dim': 256, 'embedding_dim': 128, 'dropout': 0.5, 'epochs': 8, 'max_len': 38}
2026-04-19 17:19:47,121 - INFO - Running config: {'model_name': 'transformer', 'loss_name': 'cross_entropy_ls', 'learning_rate': 0.0005, 'optimizer_name': 'rmsprop', 'num_heads': 4, 'num_layers': 1, 'ffn_dim': 512, 'embedding_dim': 128, 'dropout': 0.5, 'epochs': 8, 'max_len': 38}
2026-04-19 17:19:50,168 - INFO - Running config: {'model_name': 'transformer', 'loss_name': 'cross_entropy_ls', 'learning_rate': 0.0005, 'optimizer_name': 'rmsprop', 'num_heads': 4, 'num_layers': 2, 'ffn_dim': 256, 'embedding_dim': 128, 'dropout': 0.5, 'epochs': 8, 'max_len': 38}
2026-04-19 17:19:54,361 - INFO - Running config: {'model_name': 'transformer', 'loss_name': 'cross_entropy_ls', 'learning_rate': 0.0005, 'optimizer_name': 'rmsprop', 'num_heads': 4, 'num_layers': 2, 'ffn_dim': 512, 'embedding_dim': 128, 'dropout': 0.5, 'epochs': 8, 'max_len': 38}
2026-04-19 17:19:58,662 - INFO - Running config: {'model_name': 'transformer', 'loss_name': 'cross_entropy_ls', 'learning_rate': 0.0005, 'optimizer_name': 'rmsprop', 'num_heads': 8, 'num_layers': 1, 'ffn_dim': 256, 'embedding_dim': 128, 'dropout': 0.5, 'epochs': 8, 'max_len': 38}
2026-04-19 17:20:01,769 - INFO - Running config: {'model_name': 'transformer', 'loss_name': 'cross_entropy_ls', 'learning_rate': 0.0005, 'optimizer_name': 'rmsprop', 'num_heads': 8, 'num_layers': 1, 'ffn_dim': 512, 'embedding_dim': 128, 'dropout': 0.5, 'epochs': 8, 'max_len': 38}
2026-04-19 17:20:05,068 - INFO - Running config: {'model_name': 'transformer', 'loss_name': 'cross_entropy_ls', 'learning_rate': 0.0005, 'optimizer_name': 'rmsprop', 'num_heads': 8, 'num_layers': 2, 'ffn_dim': 256, 'embedding_dim': 128, 'dropout': 0.5, 'epochs': 8, 'max_len': 38}
2026-04-19 17:20:09,104 - INFO - Running config: {'model_name': 'transformer', 'loss_name': 'cross_entropy_ls', 'learning_rate': 0.0005, 'optimizer_name': 'rmsprop', 'num_heads': 8, 'num_layers': 2, 'ffn_dim': 512, 'embedding_dim': 128, 'dropout': 0.5, 'epochs': 8, 'max_len': 38}
2026-04-19 17:20:13,106 - INFO - Saved result table to output\dl_model_experiment_results.csv
2026-04-19 17:20:13,106 - INFO - Saved result table to output\dl_model_experiment_results.md
