2026-04-19 15:49:51,295 - INFO - Start N-gram BoW training (multi-n fusion)
2026-04-19 15:49:51,295 - INFO - N list: [1, 2, 3], Min freq: 2, Fused vocab size: 24140, Num classes: 5, Epochs: 30, Batch size: 64, Learning rate: 0.0005, Loss: cross_entropy, L2 lambda: 0.0001
2026-04-19 15:49:52,095 - INFO - Epoch [1/30] Train Loss: 1.5425 Val Loss: 1.4899 Train Acc: 0.5397 Val Acc: 0.4291 L2 Term: 223.4463
2026-04-19 15:49:52,779 - INFO - Epoch [2/30] Train Loss: 1.4058 Val Loss: 1.4422 Train Acc: 0.5742 Val Acc: 0.4467 L2 Term: 1211.5360
2026-04-19 15:49:53,485 - INFO - Epoch [3/30] Train Loss: 1.3099 Val Loss: 1.4101 Train Acc: 0.6288 Val Acc: 0.4519 L2 Term: 3073.9014
2026-04-19 15:49:54,083 - INFO - Epoch [4/30] Train Loss: 1.2291 Val Loss: 1.3850 Train Acc: 0.6876 Val Acc: 0.4601 L2 Term: 5700.3678
2026-04-19 15:49:54,700 - INFO - Epoch [5/30] Train Loss: 1.1593 Val Loss: 1.3648 Train Acc: 0.7291 Val Acc: 0.4648 L2 Term: 8961.7557
2026-04-19 15:49:55,320 - INFO - Epoch [6/30] Train Loss: 1.0979 Val Loss: 1.3477 Train Acc: 0.7650 Val Acc: 0.4713 L2 Term: 12753.6345
2026-04-19 15:49:55,999 - INFO - Epoch [7/30] Train Loss: 1.0438 Val Loss: 1.3331 Train Acc: 0.7936 Val Acc: 0.4695 L2 Term: 17009.3305
2026-04-19 15:49:56,636 - INFO - Epoch [8/30] Train Loss: 0.9960 Val Loss: 1.3206 Train Acc: 0.8175 Val Acc: 0.4672 L2 Term: 21594.0078
2026-04-19 15:49:57,316 - INFO - Epoch [9/30] Train Loss: 0.9535 Val Loss: 1.3095 Train Acc: 0.8357 Val Acc: 0.4719 L2 Term: 26437.9410
2026-04-19 15:49:57,926 - INFO - Epoch [10/30] Train Loss: 0.9156 Val Loss: 1.2999 Train Acc: 0.8490 Val Acc: 0.4713 L2 Term: 31483.0801
2026-04-19 15:49:58,556 - INFO - Epoch [11/30] Train Loss: 0.8819 Val Loss: 1.2919 Train Acc: 0.8625 Val Acc: 0.4730 L2 Term: 36662.9604
2026-04-19 15:49:59,162 - INFO - Epoch [12/30] Train Loss: 0.8514 Val Loss: 1.2846 Train Acc: 0.8741 Val Acc: 0.4771 L2 Term: 41911.3152
2026-04-19 15:49:59,823 - INFO - Epoch [13/30] Train Loss: 0.8242 Val Loss: 1.2779 Train Acc: 0.8851 Val Acc: 0.4830 L2 Term: 47228.9446
2026-04-19 15:50:00,499 - INFO - Epoch [14/30] Train Loss: 0.7995 Val Loss: 1.2727 Train Acc: 0.8940 Val Acc: 0.4801 L2 Term: 52500.0085
2026-04-19 15:50:01,185 - INFO - Epoch [15/30] Train Loss: 0.7773 Val Loss: 1.2676 Train Acc: 0.9013 Val Acc: 0.4818 L2 Term: 57779.9403
2026-04-19 15:50:01,952 - INFO - Epoch [16/30] Train Loss: 0.7570 Val Loss: 1.2632 Train Acc: 0.9082 Val Acc: 0.4807 L2 Term: 62977.5905
2026-04-19 15:50:02,642 - INFO - Epoch [17/30] Train Loss: 0.7384 Val Loss: 1.2593 Train Acc: 0.9138 Val Acc: 0.4824 L2 Term: 68090.6544
2026-04-19 15:50:03,282 - INFO - Epoch [18/30] Train Loss: 0.7217 Val Loss: 1.2561 Train Acc: 0.9192 Val Acc: 0.4801 L2 Term: 73086.9396
2026-04-19 15:50:03,940 - INFO - Epoch [19/30] Train Loss: 0.7062 Val Loss: 1.2530 Train Acc: 0.9227 Val Acc: 0.4824 L2 Term: 77996.4412
2026-04-19 15:50:04,534 - INFO - Epoch [20/30] Train Loss: 0.6920 Val Loss: 1.2501 Train Acc: 0.9279 Val Acc: 0.4801 L2 Term: 82831.2332
2026-04-19 15:50:05,170 - INFO - Epoch [21/30] Train Loss: 0.6789 Val Loss: 1.2481 Train Acc: 0.9305 Val Acc: 0.4789 L2 Term: 87490.7509
2026-04-19 15:50:06,114 - INFO - Epoch [22/30] Train Loss: 0.6669 Val Loss: 1.2457 Train Acc: 0.9362 Val Acc: 0.4801 L2 Term: 92035.1022
2026-04-19 15:50:07,863 - INFO - Epoch [23/30] Train Loss: 0.6557 Val Loss: 1.2442 Train Acc: 0.9378 Val Acc: 0.4801 L2 Term: 96425.5153
2026-04-19 15:50:09,966 - INFO - Epoch [24/30] Train Loss: 0.6454 Val Loss: 1.2423 Train Acc: 0.9417 Val Acc: 0.4807 L2 Term: 100680.3647
2026-04-19 15:50:11,883 - INFO - Epoch [25/30] Train Loss: 0.6358 Val Loss: 1.2411 Train Acc: 0.9433 Val Acc: 0.4801 L2 Term: 104788.5483
2026-04-19 15:50:12,933 - INFO - Epoch [26/30] Train Loss: 0.6269 Val Loss: 1.2401 Train Acc: 0.9461 Val Acc: 0.4807 L2 Term: 108791.2766
2026-04-19 15:50:13,558 - INFO - Epoch [27/30] Train Loss: 0.6186 Val Loss: 1.2387 Train Acc: 0.9494 Val Acc: 0.4795 L2 Term: 112633.0027
2026-04-19 15:50:14,228 - INFO - Epoch [28/30] Train Loss: 0.6108 Val Loss: 1.2379 Train Acc: 0.9512 Val Acc: 0.4801 L2 Term: 116300.2546
2026-04-19 15:50:14,855 - INFO - Epoch [29/30] Train Loss: 0.6036 Val Loss: 1.2372 Train Acc: 0.9528 Val Acc: 0.4766 L2 Term: 119908.2308
2026-04-19 15:50:15,482 - INFO - Epoch [30/30] Train Loss: 0.5969 Val Loss: 1.2365 Train Acc: 0.9551 Val Acc: 0.4748 L2 Term: 123368.8367
2026-04-19 15:50:15,859 - INFO - N-gram training finished
2026-04-19 15:50:15,859 - INFO - N-gram fusion (N=[1, 2, 3]) Train Accuracy: 0.8851
2026-04-19 15:50:15,859 - INFO - N-gram fusion (N=[1, 2, 3]) Validate Accuracy: 0.4830
2026-04-19 15:50:15,859 - INFO - N-gram fusion (N=[1, 2, 3]) Test Accuracy: 0.4841
