2026-04-19 15:49:04,806 - INFO - Start N-gram BoW training (multi-n fusion)
2026-04-19 15:49:04,806 - INFO - N list: [1, 2, 3], Min freq: 2, Fused vocab size: 24140, Num classes: 5, Epochs: 30, Batch size: 64, Learning rate: 0.001, Loss: cross_entropy_ls, L2 lambda: 0.0001
2026-04-19 15:49:05,594 - INFO - Epoch [1/30] Train Loss: 1.5216 Val Loss: 1.4682 Train Acc: 0.5608 Val Acc: 0.4343 L2 Term: 734.1304
2026-04-19 15:49:06,505 - INFO - Epoch [2/30] Train Loss: 1.3433 Val Loss: 1.4222 Train Acc: 0.6958 Val Acc: 0.4631 L2 Term: 4173.9369
2026-04-19 15:49:07,399 - INFO - Epoch [3/30] Train Loss: 1.2225 Val Loss: 1.3925 Train Acc: 0.7725 Val Acc: 0.4678 L2 Term: 10136.4718
2026-04-19 15:49:08,164 - INFO - Epoch [4/30] Train Loss: 1.1302 Val Loss: 1.3721 Train Acc: 0.8303 Val Acc: 0.4689 L2 Term: 17798.4807
2026-04-19 15:49:08,891 - INFO - Epoch [5/30] Train Loss: 1.0596 Val Loss: 1.3564 Train Acc: 0.8585 Val Acc: 0.4748 L2 Term: 26451.8380
2026-04-19 15:49:09,638 - INFO - Epoch [6/30] Train Loss: 1.0045 Val Loss: 1.3452 Train Acc: 0.8877 Val Acc: 0.4777 L2 Term: 35406.3027
2026-04-19 15:49:10,332 - INFO - Epoch [7/30] Train Loss: 0.9613 Val Loss: 1.3375 Train Acc: 0.9043 Val Acc: 0.4801 L2 Term: 44363.9700
2026-04-19 15:49:11,154 - INFO - Epoch [8/30] Train Loss: 0.9266 Val Loss: 1.3315 Train Acc: 0.9162 Val Acc: 0.4824 L2 Term: 53048.1234
2026-04-19 15:49:11,934 - INFO - Epoch [9/30] Train Loss: 0.8984 Val Loss: 1.3271 Train Acc: 0.9277 Val Acc: 0.4818 L2 Term: 61294.6428
2026-04-19 15:49:12,695 - INFO - Epoch [10/30] Train Loss: 0.8752 Val Loss: 1.3238 Train Acc: 0.9355 Val Acc: 0.4824 L2 Term: 69042.8113
2026-04-19 15:49:13,362 - INFO - Epoch [11/30] Train Loss: 0.8558 Val Loss: 1.3213 Train Acc: 0.9420 Val Acc: 0.4859 L2 Term: 76209.7147
2026-04-19 15:49:13,977 - INFO - Epoch [12/30] Train Loss: 0.8394 Val Loss: 1.3201 Train Acc: 0.9475 Val Acc: 0.4812 L2 Term: 82908.1354
2026-04-19 15:49:14,617 - INFO - Epoch [13/30] Train Loss: 0.8256 Val Loss: 1.3188 Train Acc: 0.9537 Val Acc: 0.4795 L2 Term: 89077.1946
2026-04-19 15:49:15,264 - INFO - Epoch [14/30] Train Loss: 0.8137 Val Loss: 1.3184 Train Acc: 0.9571 Val Acc: 0.4801 L2 Term: 94691.3515
2026-04-19 15:49:15,873 - INFO - Epoch [15/30] Train Loss: 0.8034 Val Loss: 1.3178 Train Acc: 0.9598 Val Acc: 0.4807 L2 Term: 99861.3207
2026-04-19 15:49:16,485 - INFO - Epoch [16/30] Train Loss: 0.7945 Val Loss: 1.3182 Train Acc: 0.9620 Val Acc: 0.4842 L2 Term: 104723.1759
2026-04-19 15:49:17,120 - INFO - Epoch [17/30] Train Loss: 0.7867 Val Loss: 1.3178 Train Acc: 0.9634 Val Acc: 0.4853 L2 Term: 109098.6224
2026-04-19 15:49:17,758 - INFO - Epoch [18/30] Train Loss: 0.7797 Val Loss: 1.3181 Train Acc: 0.9667 Val Acc: 0.4830 L2 Term: 113160.7855
2026-04-19 15:49:18,414 - INFO - Epoch [19/30] Train Loss: 0.7737 Val Loss: 1.3189 Train Acc: 0.9682 Val Acc: 0.4836 L2 Term: 116932.3944
2026-04-19 15:49:19,005 - INFO - Epoch [20/30] Train Loss: 0.7682 Val Loss: 1.3196 Train Acc: 0.9705 Val Acc: 0.4818 L2 Term: 120358.9872
2026-04-19 15:49:19,647 - INFO - Epoch [21/30] Train Loss: 0.7634 Val Loss: 1.3204 Train Acc: 0.9720 Val Acc: 0.4807 L2 Term: 123617.3489
2026-04-19 15:49:20,247 - INFO - Epoch [22/30] Train Loss: 0.7591 Val Loss: 1.3210 Train Acc: 0.9724 Val Acc: 0.4812 L2 Term: 126559.6031
2026-04-19 15:49:20,850 - INFO - Epoch [23/30] Train Loss: 0.7552 Val Loss: 1.3223 Train Acc: 0.9736 Val Acc: 0.4807 L2 Term: 129298.6390
2026-04-19 15:49:21,436 - INFO - Epoch [24/30] Train Loss: 0.7519 Val Loss: 1.3229 Train Acc: 0.9749 Val Acc: 0.4812 L2 Term: 131829.0869
2026-04-19 15:49:22,102 - INFO - Epoch [25/30] Train Loss: 0.7487 Val Loss: 1.3239 Train Acc: 0.9754 Val Acc: 0.4783 L2 Term: 134220.1871
2026-04-19 15:49:22,861 - INFO - Epoch [26/30] Train Loss: 0.7459 Val Loss: 1.3251 Train Acc: 0.9761 Val Acc: 0.4830 L2 Term: 136412.7628
2026-04-19 15:49:23,543 - INFO - Epoch [27/30] Train Loss: 0.7435 Val Loss: 1.3258 Train Acc: 0.9773 Val Acc: 0.4824 L2 Term: 138472.6986
2026-04-19 15:49:24,199 - INFO - Epoch [28/30] Train Loss: 0.7411 Val Loss: 1.3271 Train Acc: 0.9779 Val Acc: 0.4818 L2 Term: 140415.4276
2026-04-19 15:49:24,880 - INFO - Epoch [29/30] Train Loss: 0.7390 Val Loss: 1.3279 Train Acc: 0.9787 Val Acc: 0.4812 L2 Term: 142271.9200
2026-04-19 15:49:25,604 - INFO - Epoch [30/30] Train Loss: 0.7372 Val Loss: 1.3290 Train Acc: 0.9799 Val Acc: 0.4789 L2 Term: 143968.1974
2026-04-19 15:49:25,998 - INFO - N-gram training finished
2026-04-19 15:49:25,998 - INFO - N-gram fusion (N=[1, 2, 3]) Train Accuracy: 0.9420
2026-04-19 15:49:25,998 - INFO - N-gram fusion (N=[1, 2, 3]) Validate Accuracy: 0.4859
2026-04-19 15:49:25,998 - INFO - N-gram fusion (N=[1, 2, 3]) Test Accuracy: 0.4817
