2026-04-19 15:29:35,707 - INFO - Start N-gram BoW training
2026-04-19 15:29:35,707 - INFO - N: 2, Min freq: 2, N-gram vocab size: 11723, Num classes: 5, Epochs: 30, Batch size: 64, Learning rate: 0.001, L2 lambda: 0.0001
2026-04-19 15:29:36,281 - INFO - Epoch [1/30] Train Loss: 1.5700 Val Loss: 1.5330 Train Acc: 0.5460 Val Acc: 0.4027 L2 Term: 362.1666
2026-04-19 15:29:36,776 - INFO - Epoch [2/30] Train Loss: 1.4539 Val Loss: 1.4883 Train Acc: 0.5799 Val Acc: 0.4015 L2 Term: 2238.3976
2026-04-19 15:29:37,301 - INFO - Epoch [3/30] Train Loss: 1.3681 Val Loss: 1.4599 Train Acc: 0.6083 Val Acc: 0.4045 L2 Term: 5756.8008
2026-04-19 15:29:37,748 - INFO - Epoch [4/30] Train Loss: 1.2995 Val Loss: 1.4401 Train Acc: 0.6360 Val Acc: 0.4039 L2 Term: 10617.8829
2026-04-19 15:29:38,223 - INFO - Epoch [5/30] Train Loss: 1.2425 Val Loss: 1.4252 Train Acc: 0.6662 Val Acc: 0.4080 L2 Term: 16428.2186
2026-04-19 15:29:38,696 - INFO - Epoch [6/30] Train Loss: 1.1941 Val Loss: 1.4133 Train Acc: 0.6970 Val Acc: 0.4127 L2 Term: 22974.5985
2026-04-19 15:29:39,181 - INFO - Epoch [7/30] Train Loss: 1.1525 Val Loss: 1.4040 Train Acc: 0.7225 Val Acc: 0.4144 L2 Term: 30104.7266
2026-04-19 15:29:39,672 - INFO - Epoch [8/30] Train Loss: 1.1165 Val Loss: 1.3963 Train Acc: 0.7417 Val Acc: 0.4132 L2 Term: 37528.3777
2026-04-19 15:29:40,132 - INFO - Epoch [9/30] Train Loss: 1.0848 Val Loss: 1.3901 Train Acc: 0.7554 Val Acc: 0.4144 L2 Term: 45172.3150
2026-04-19 15:29:40,679 - INFO - Epoch [10/30] Train Loss: 1.0573 Val Loss: 1.3849 Train Acc: 0.7706 Val Acc: 0.4174 L2 Term: 52920.4372
2026-04-19 15:29:41,250 - INFO - Epoch [11/30] Train Loss: 1.0329 Val Loss: 1.3804 Train Acc: 0.7803 Val Acc: 0.4191 L2 Term: 60660.3191
2026-04-19 15:29:41,801 - INFO - Epoch [12/30] Train Loss: 1.0115 Val Loss: 1.3769 Train Acc: 0.7902 Val Acc: 0.4203 L2 Term: 68327.2201
2026-04-19 15:29:42,446 - INFO - Epoch [13/30] Train Loss: 0.9923 Val Loss: 1.3737 Train Acc: 0.8030 Val Acc: 0.4203 L2 Term: 75848.4500
2026-04-19 15:29:42,915 - INFO - Epoch [14/30] Train Loss: 0.9753 Val Loss: 1.3713 Train Acc: 0.8106 Val Acc: 0.4179 L2 Term: 83267.1854
2026-04-19 15:29:43,399 - INFO - Epoch [15/30] Train Loss: 0.9601 Val Loss: 1.3695 Train Acc: 0.8215 Val Acc: 0.4162 L2 Term: 90376.6091
2026-04-19 15:29:43,843 - INFO - Epoch [16/30] Train Loss: 0.9463 Val Loss: 1.3675 Train Acc: 0.8283 Val Acc: 0.4150 L2 Term: 97236.3998
2026-04-19 15:29:44,299 - INFO - Epoch [17/30] Train Loss: 0.9341 Val Loss: 1.3661 Train Acc: 0.8330 Val Acc: 0.4162 L2 Term: 103928.1592
2026-04-19 15:29:44,794 - INFO - Epoch [18/30] Train Loss: 0.9229 Val Loss: 1.3655 Train Acc: 0.8392 Val Acc: 0.4162 L2 Term: 110336.2952
2026-04-19 15:29:45,236 - INFO - Epoch [19/30] Train Loss: 0.9129 Val Loss: 1.3645 Train Acc: 0.8436 Val Acc: 0.4168 L2 Term: 116460.0680
2026-04-19 15:29:45,687 - INFO - Epoch [20/30] Train Loss: 0.9037 Val Loss: 1.3639 Train Acc: 0.8480 Val Acc: 0.4174 L2 Term: 122363.3365
2026-04-19 15:29:46,186 - INFO - Epoch [21/30] Train Loss: 0.8953 Val Loss: 1.3638 Train Acc: 0.8525 Val Acc: 0.4162 L2 Term: 127936.4640
2026-04-19 15:29:46,633 - INFO - Epoch [22/30] Train Loss: 0.8876 Val Loss: 1.3636 Train Acc: 0.8583 Val Acc: 0.4191 L2 Term: 133324.1982
2026-04-19 15:29:47,086 - INFO - Epoch [23/30] Train Loss: 0.8806 Val Loss: 1.3634 Train Acc: 0.8621 Val Acc: 0.4179 L2 Term: 138421.0438
2026-04-19 15:29:47,574 - INFO - Epoch [24/30] Train Loss: 0.8741 Val Loss: 1.3637 Train Acc: 0.8657 Val Acc: 0.4179 L2 Term: 143343.1240
2026-04-19 15:29:48,027 - INFO - Epoch [25/30] Train Loss: 0.8682 Val Loss: 1.3639 Train Acc: 0.8687 Val Acc: 0.4179 L2 Term: 147974.2537
2026-04-19 15:29:48,497 - INFO - Epoch [26/30] Train Loss: 0.8627 Val Loss: 1.3641 Train Acc: 0.8713 Val Acc: 0.4179 L2 Term: 152474.9166
2026-04-19 15:29:48,998 - INFO - Epoch [27/30] Train Loss: 0.8576 Val Loss: 1.3642 Train Acc: 0.8744 Val Acc: 0.4168 L2 Term: 156680.0891
2026-04-19 15:29:49,476 - INFO - Epoch [28/30] Train Loss: 0.8529 Val Loss: 1.3646 Train Acc: 0.8766 Val Acc: 0.4179 L2 Term: 160665.8334
2026-04-19 15:29:50,016 - INFO - Epoch [29/30] Train Loss: 0.8485 Val Loss: 1.3652 Train Acc: 0.8788 Val Acc: 0.4174 L2 Term: 164567.2238
2026-04-19 15:29:50,529 - INFO - Epoch [30/30] Train Loss: 0.8445 Val Loss: 1.3659 Train Acc: 0.8804 Val Acc: 0.4156 L2 Term: 168266.6998
2026-04-19 15:29:51,742 - INFO - N-gram training finished
2026-04-19 15:29:51,743 - INFO - N-gram (N=2) Train Accuracy: 0.7902
2026-04-19 15:29:51,743 - INFO - N-gram (N=2) Validate Accuracy: 0.4203
2026-04-19 15:29:51,743 - INFO - N-gram (N=2) Test Accuracy: 0.4258
