2026-04-19 15:50:47,095 - INFO - Start N-gram BoW training (multi-n fusion)
2026-04-19 15:50:47,095 - INFO - N list: [1, 2, 3], Min freq: 2, Fused vocab size: 24140, Num classes: 5, Epochs: 30, Batch size: 64, Learning rate: 0.0005, Loss: cross_entropy_ls, L2 lambda: 0.0001
2026-04-19 15:50:49,119 - INFO - Epoch [1/30] Train Loss: 1.5523 Val Loss: 1.5079 Train Acc: 0.5340 Val Acc: 0.4215 L2 Term: 221.8262
2026-04-19 15:50:51,371 - INFO - Epoch [2/30] Train Loss: 1.4347 Val Loss: 1.4691 Train Acc: 0.5860 Val Acc: 0.4402 L2 Term: 1187.3393
2026-04-19 15:50:53,270 - INFO - Epoch [3/30] Train Loss: 1.3526 Val Loss: 1.4429 Train Acc: 0.6475 Val Acc: 0.4555 L2 Term: 2999.6023
2026-04-19 15:50:55,259 - INFO - Epoch [4/30] Train Loss: 1.2836 Val Loss: 1.4225 Train Acc: 0.7043 Val Acc: 0.4637 L2 Term: 5539.3908
2026-04-19 15:50:56,804 - INFO - Epoch [5/30] Train Loss: 1.2244 Val Loss: 1.4059 Train Acc: 0.7452 Val Acc: 0.4660 L2 Term: 8651.9565
2026-04-19 15:50:57,517 - INFO - Epoch [6/30] Train Loss: 1.1733 Val Loss: 1.3924 Train Acc: 0.7825 Val Acc: 0.4725 L2 Term: 12237.4614
2026-04-19 15:50:58,212 - INFO - Epoch [7/30] Train Loss: 1.1286 Val Loss: 1.3810 Train Acc: 0.8141 Val Acc: 0.4713 L2 Term: 16190.7233
2026-04-19 15:50:58,824 - INFO - Epoch [8/30] Train Loss: 1.0897 Val Loss: 1.3715 Train Acc: 0.8355 Val Acc: 0.4719 L2 Term: 20427.6389
2026-04-19 15:50:59,552 - INFO - Epoch [9/30] Train Loss: 1.0556 Val Loss: 1.3632 Train Acc: 0.8528 Val Acc: 0.4736 L2 Term: 24840.4220
2026-04-19 15:51:01,094 - INFO - Epoch [10/30] Train Loss: 1.0255 Val Loss: 1.3562 Train Acc: 0.8668 Val Acc: 0.4783 L2 Term: 29353.6420
2026-04-19 15:51:02,856 - INFO - Epoch [11/30] Train Loss: 0.9990 Val Loss: 1.3501 Train Acc: 0.8775 Val Acc: 0.4736 L2 Term: 33935.8604
2026-04-19 15:51:04,793 - INFO - Epoch [12/30] Train Loss: 0.9755 Val Loss: 1.3454 Train Acc: 0.8902 Val Acc: 0.4789 L2 Term: 38535.8661
2026-04-19 15:51:06,743 - INFO - Epoch [13/30] Train Loss: 0.9547 Val Loss: 1.3408 Train Acc: 0.9006 Val Acc: 0.4801 L2 Term: 43113.8029
2026-04-19 15:51:08,713 - INFO - Epoch [14/30] Train Loss: 0.9360 Val Loss: 1.3370 Train Acc: 0.9093 Val Acc: 0.4795 L2 Term: 47623.4195
2026-04-19 15:51:10,167 - INFO - Epoch [15/30] Train Loss: 0.9192 Val Loss: 1.3338 Train Acc: 0.9147 Val Acc: 0.4789 L2 Term: 52051.4151
2026-04-19 15:51:11,923 - INFO - Epoch [16/30] Train Loss: 0.9040 Val Loss: 1.3311 Train Acc: 0.9213 Val Acc: 0.4789 L2 Term: 56344.3333
2026-04-19 15:51:12,651 - INFO - Epoch [17/30] Train Loss: 0.8904 Val Loss: 1.3286 Train Acc: 0.9248 Val Acc: 0.4812 L2 Term: 60572.9620
2026-04-19 15:51:13,349 - INFO - Epoch [18/30] Train Loss: 0.8780 Val Loss: 1.3265 Train Acc: 0.9298 Val Acc: 0.4777 L2 Term: 64667.8268
2026-04-19 15:51:14,000 - INFO - Epoch [19/30] Train Loss: 0.8668 Val Loss: 1.3250 Train Acc: 0.9340 Val Acc: 0.4818 L2 Term: 68627.4194
2026-04-19 15:51:14,643 - INFO - Epoch [20/30] Train Loss: 0.8566 Val Loss: 1.3234 Train Acc: 0.9387 Val Acc: 0.4789 L2 Term: 72425.1209
2026-04-19 15:51:15,631 - INFO - Epoch [21/30] Train Loss: 0.8472 Val Loss: 1.3221 Train Acc: 0.9420 Val Acc: 0.4795 L2 Term: 76122.4208
2026-04-19 15:51:17,767 - INFO - Epoch [22/30] Train Loss: 0.8385 Val Loss: 1.3211 Train Acc: 0.9447 Val Acc: 0.4812 L2 Term: 79675.5973
2026-04-19 15:51:19,891 - INFO - Epoch [23/30] Train Loss: 0.8306 Val Loss: 1.3203 Train Acc: 0.9480 Val Acc: 0.4830 L2 Term: 83024.9484
2026-04-19 15:51:21,974 - INFO - Epoch [24/30] Train Loss: 0.8234 Val Loss: 1.3196 Train Acc: 0.9497 Val Acc: 0.4824 L2 Term: 86319.3947
2026-04-19 15:51:23,847 - INFO - Epoch [25/30] Train Loss: 0.8166 Val Loss: 1.3190 Train Acc: 0.9538 Val Acc: 0.4812 L2 Term: 89463.5369
2026-04-19 15:51:24,589 - INFO - Epoch [26/30] Train Loss: 0.8104 Val Loss: 1.3186 Train Acc: 0.9557 Val Acc: 0.4830 L2 Term: 92440.7238
2026-04-19 15:51:25,215 - INFO - Epoch [27/30] Train Loss: 0.8046 Val Loss: 1.3182 Train Acc: 0.9573 Val Acc: 0.4801 L2 Term: 95320.4510
2026-04-19 15:51:25,847 - INFO - Epoch [28/30] Train Loss: 0.7993 Val Loss: 1.3181 Train Acc: 0.9585 Val Acc: 0.4824 L2 Term: 98104.6503
2026-04-19 15:51:26,470 - INFO - Epoch [29/30] Train Loss: 0.7942 Val Loss: 1.3181 Train Acc: 0.9601 Val Acc: 0.4824 L2 Term: 100726.0084
2026-04-19 15:51:27,081 - INFO - Epoch [30/30] Train Loss: 0.7896 Val Loss: 1.3180 Train Acc: 0.9613 Val Acc: 0.4830 L2 Term: 103228.7485
2026-04-19 15:51:27,470 - INFO - N-gram training finished
2026-04-19 15:51:27,470 - INFO - N-gram fusion (N=[1, 2, 3]) Train Accuracy: 0.9480
2026-04-19 15:51:27,471 - INFO - N-gram fusion (N=[1, 2, 3]) Validate Accuracy: 0.4830
2026-04-19 15:51:27,471 - INFO - N-gram fusion (N=[1, 2, 3]) Test Accuracy: 0.4781
